<?xml version="1.0" encoding="UTF-8"?>
<!-- Generated by org.testng.reporters.JUnitReportReporter -->
<testsuite hostname="Sujays" failures="0" tests="1" name="testscripts.AppTest" time="30.418" errors="0" timestamp="26 Jun 2020 06:06:32 GMT" skipped="0">
  <testcase classname="testscripts.AppTest" name="login" time="30.418"/>
</testsuite> <!-- testscripts.AppTest -->
